inputs: []
outputs: []
=====
places: []
transitions: []
arcs: []
=====
parents: (0): []
subnets: (2)
--------
    function: CAUSES(OCCURS(p), q), like a place
    inputs: [OCCURS(p)]
    outputs: [q]
    =====
    places: [q]
    transitions: []
    arcs: [OCCURS(p) -> |q|, |q| -> q]
    =====
    parents: (1): [org.leibnizcenter.pneu.components.petrinet.Net@326edcf6]
    subnets: (2)
    --------
        function: OCCURS(p), like a place
        inputs: [NEG(p), NULL(p)]
        outputs: [OCCURS(p)]
        =====
        places: [OCCURS(p)]
        transitions: [p]
        arcs: [|p| -> OCCURS(p), OR(NEG(p), NULL(p)) -> |p|]
        =====
        parents: (1): [org.leibnizcenter.pneu.components.petrinet.Net@166418d9]
        subnets: (1)
        --------
            function: OR(NEG(p), NULL(p)), like a place
            inputs: [NEG(p), NULL(p)]
            outputs: [OR(NEG(p), NULL(p))]
            =====
            places: [OR(NEG(p), NULL(p)), NEG(p), NULL(p)]
            transitions: [OR]
            arcs: [|OR| -> OR(NEG(p), NULL(p)), NEG(p) -> |OR|, NULL(p) -> |OR|]
            =====
            parents: (1): [org.leibnizcenter.pneu.components.petrinet.Net@59b5a0b]
            subnets: (0)
        --------
    --------
        function: q, like a transition
        inputs: [q]
        outputs: [q]
        =====
        places: []
        transitions: [q]
        arcs: []
        =====
        parents: (1): [org.leibnizcenter.pneu.components.petrinet.Net@166418d9]
        subnets: (0)
    --------
--------
    function: CAUSES(OCCURS(q), r), like a place
    inputs: [OCCURS(q)]
    outputs: [r]
    =====
    places: [r]
    transitions: []
    arcs: [OCCURS(q) -> |r|, |r| -> r]
    =====
    parents: (1): [org.leibnizcenter.pneu.components.petrinet.Net@326edcf6]
    subnets: (2)
    --------
        function: OCCURS(q), like a place
        inputs: [NEG(q), NULL(q)]
        outputs: [OCCURS(q)]
        =====
        places: [OCCURS(q)]
        transitions: [q]
        arcs: [|q| -> OCCURS(q), OR(NEG(q), NULL(q)) -> |q|]
        =====
        parents: (1): [org.leibnizcenter.pneu.components.petrinet.Net@1a348b0d]
        subnets: (1)
        --------
            function: OR(NEG(q), NULL(q)), like a place
            inputs: [NEG(q), NULL(q)]
            outputs: [OR(NEG(q), NULL(q))]
            =====
            places: [OR(NEG(q), NULL(q)), NEG(q), NULL(q)]
            transitions: [OR]
            arcs: [|OR| -> OR(NEG(q), NULL(q)), NEG(q) -> |OR|, NULL(q) -> |OR|]
            =====
            parents: (1): [org.leibnizcenter.pneu.components.petrinet.Net@5e0e9cd0]
            subnets: (0)
        --------
    --------
        function: r, like a transition
        inputs: [r]
        outputs: [r]
        =====
        places: []
        transitions: [r]
        arcs: []
        =====
        parents: (1): [org.leibnizcenter.pneu.components.petrinet.Net@1a348b0d]
        subnets: (0)
    --------
--------

