inputs: []
outputs: []
=====
places: [null]
transitions: [q]
arcs: [|q| -- null, null -- |q|, null -- |q|]
=====
parents: (1): [null]
subnets: (2)
--------
    function: CAUSES(OCCURS(p), q), like a place
    inputs: [OCCURS(p)]
    outputs: [OCCURS(p)]
    =====
    places: [q]
    transitions: []
    arcs: [OCCURS(p) -> |q|, |q| -> q]
    =====
    parents: (1): [org.leibnizcenter.pneu.components.petrinet.Net@51d6be00]
    subnets: (2)
    --------
        function: OCCURS(p), like a place
        inputs: [NEG(p), NULL(p)]
        outputs: [NEG(p), NULL(p)]
        =====
        places: [OCCURS(p)]
        transitions: [p]
        arcs: [|p| -> OCCURS(p), OR(NEG(p), NULL(p)) -> |p|]
        =====
        parents: (1): [org.leibnizcenter.pneu.components.petrinet.Net@69541bf9]
        subnets: (1)
        --------
            function: OR(NEG(p), NULL(p)), like a place
            inputs: [NEG(p), NULL(p)]
            outputs: [NEG(p), NULL(p)]
            =====
            places: [OR(NEG(p), NULL(p)), NEG(p), NULL(p)]
            transitions: [OR]
            arcs: [|OR| -> OR(NEG(p), NULL(p)), NEG(p) -> |OR|, NULL(p) -> |OR|]
            =====
            parents: (1): [org.leibnizcenter.pneu.components.petrinet.Net@10f8ae75]
            subnets: (0)
        --------
    --------
        function: q, like a transition
        inputs: [q]
        outputs: [q]
        =====
        places: []
        transitions: [q]
        arcs: []
        =====
        parents: (1): [org.leibnizcenter.pneu.components.petrinet.Net@69541bf9]
        subnets: (0)
    --------
--------
    function: CAUSES(OCCURS(q), r), like a place
    inputs: [OCCURS(q)]
    outputs: [OCCURS(q)]
    =====
    places: [r]
    transitions: []
    arcs: [OCCURS(q) -> |r|, |r| -> r]
    =====
    parents: (1): [org.leibnizcenter.pneu.components.petrinet.Net@51d6be00]
    subnets: (2)
    --------
        function: OCCURS(q), like a place
        inputs: [NEG(q), NULL(q)]
        outputs: [NEG(q), NULL(q)]
        =====
        places: [OCCURS(q)]
        transitions: [q]
        arcs: [|q| -> OCCURS(q), OR(NEG(q), NULL(q)) -> |q|]
        =====
        parents: (1): [org.leibnizcenter.pneu.components.petrinet.Net@36858c07]
        subnets: (1)
        --------
            function: OR(NEG(q), NULL(q)), like a place
            inputs: [NEG(q), NULL(q)]
            outputs: [NEG(q), NULL(q)]
            =====
            places: [OR(NEG(q), NULL(q)), NEG(q), NULL(q)]
            transitions: [OR]
            arcs: [|OR| -> OR(NEG(q), NULL(q)), NEG(q) -> |OR|, NULL(q) -> |OR|]
            =====
            parents: (1): [org.leibnizcenter.pneu.components.petrinet.Net@79ac3b87]
            subnets: (0)
        --------
    --------
        function: r, like a transition
        inputs: [r]
        outputs: [r]
        =====
        places: []
        transitions: [r]
        arcs: []
        =====
        parents: (1): [org.leibnizcenter.pneu.components.petrinet.Net@36858c07]
        subnets: (0)
    --------
--------

