inputs: []
outputs: []
=====
places: []
transitions: []
arcs: []
=====
parents: (1): [null]
subnets: (1)
--------
    function: CAUSES(OCCURS(AND(p, q)), r), like a place
    inputs: [OCCURS(AND(p, q))]
    outputs: [OCCURS(AND(p, q))]
    =====
    places: [r]
    transitions: []
    arcs: [OCCURS(AND(p, q)) -> |r|, |r| -> r]
    =====
    parents: (1): [org.leibnizcenter.pneu.components.petrinet.Net@ca0898b]
    subnets: (2)
    --------
        function: OCCURS(AND(p, q)), like a place
        inputs: [NEG(p), NULL(p)]
        outputs: [NEG(p), NULL(p)]
        =====
        places: [OCCURS(AND(p, q)), q]
        transitions: [p]
        arcs: [|p| -> OCCURS(AND(p, q)), q -> |p|, OR(NEG(p), NULL(p)) -> |p|]
        =====
        parents: (1): [org.leibnizcenter.pneu.components.petrinet.Net@7fa60b26]
        subnets: (1)
        --------
            function: OR(NEG(p), NULL(p)), like a place
            inputs: [NEG(p), NULL(p)]
            outputs: [NEG(p), NULL(p)]
            =====
            places: [OR(NEG(p), NULL(p)), NEG(p), NULL(p)]
            transitions: [OR]
            arcs: [|OR| -> OR(NEG(p), NULL(p)), NEG(p) -> |OR|, NULL(p) -> |OR|]
            =====
            parents: (1): [org.leibnizcenter.pneu.components.petrinet.Net@6e262d42]
            subnets: (0)
        --------
    --------
        function: r, like a transition
        inputs: [r]
        outputs: [r]
        =====
        places: []
        transitions: [r]
        arcs: []
        =====
        parents: (1): [org.leibnizcenter.pneu.components.petrinet.Net@7fa60b26]
        subnets: (0)
    --------
--------

