inputs: []
outputs: []
=====
places: []
transitions: []
arcs: []
=====
parents: (1): [null]
subnets: (1)
--------
    function: PAR(p, q), like a place
    inputs: [NEG(p), NULL(p), NEG(q), NULL(q)]
    outputs: [NEG(p), NULL(p), NEG(q), NULL(q)]
    =====
    places: [PAR(p, q), p, q]
    transitions: [AND, p, q]
    arcs: [|AND| -> PAR(p, q), p -> |AND|, |p| -> p, OR(NEG(p), NULL(p)) -> |p|, q -> |AND|, |q| -> q, OR(NEG(q), NULL(q)) -> |q|]
    =====
    parents: (1): [org.leibnizcenter.pneu.components.petrinet.Net@9e86b36]
    subnets: (2)
    --------
        function: OR(NEG(p), NULL(p)), like a place
        inputs: [NEG(p), NULL(p)]
        outputs: [NEG(p), NULL(p)]
        =====
        places: [OR(NEG(p), NULL(p)), NEG(p), NULL(p)]
        transitions: [OR]
        arcs: [|OR| -> OR(NEG(p), NULL(p)), NEG(p) -> |OR|, NULL(p) -> |OR|]
        =====
        parents: (1): [org.leibnizcenter.pneu.components.petrinet.Net@79d6ab4e]
        subnets: (0)
    --------
        function: OR(NEG(q), NULL(q)), like a place
        inputs: [NEG(q), NULL(q)]
        outputs: [NEG(q), NULL(q)]
        =====
        places: [OR(NEG(q), NULL(q)), NEG(q), NULL(q)]
        transitions: [OR]
        arcs: [|OR| -> OR(NEG(q), NULL(q)), NEG(q) -> |OR|, NULL(q) -> |OR|]
        =====
        parents: (1): [org.leibnizcenter.pneu.components.petrinet.Net@79d6ab4e]
        subnets: (0)
    --------
--------

