inputs: []
outputs: []
=====
places: []
transitions: []
arcs: []
=====
parents: (0): []
subnets: (1)
--------
    function: PAR(p, q), like a transition
    inputs: [start]
    outputs: [end]
    =====
    places: [start bridge0, end bridge 0, start bridge1, end bridge 1]
    transitions: [start, end]
    arcs: [|start| -> start bridge0, start bridge0 -> |p|, |p| -> end bridge 0, end bridge 0 -> |end|, |start| -> start bridge1, start bridge1 -> |q|, |q| -> end bridge 1, end bridge 1 -> |end|]
    =====
    parents: (1): [org.leibnizcenter.pneu.components.petrinet.Net@7e824fb4]
    subnets: (2)
    --------
        function: p, like a transition
        inputs: [p]
        outputs: [p]
        =====
        places: []
        transitions: [p]
        arcs: []
        =====
        parents: (1): [org.leibnizcenter.pneu.components.petrinet.Net@1d3ef34f]
        subnets: (0)
    --------
        function: q, like a transition
        inputs: [q]
        outputs: [q]
        =====
        places: []
        transitions: [q]
        arcs: []
        =====
        parents: (1): [org.leibnizcenter.pneu.components.petrinet.Net@1d3ef34f]
        subnets: (0)
    --------
--------

