inputs: []
outputs: []
=====
places: []
transitions: []
arcs: []
=====
parents: (0): []
subnets: (1)
--------
    function: CAUSES(OCCURS(a), b), like a place
    inputs: [OCCURS(a)]
    outputs: [b]
    =====
    places: [b]
    transitions: []
    arcs: [OCCURS(a) -> |b|, |b| -> b]
    =====
    parents: (1): [org.leibnizcenter.pneu.components.petrinet.Net@69b27d09]
    subnets: (2)
    --------
        function: OCCURS(a), like a place
        inputs: [NEG(a), NULL(a)]
        outputs: [OCCURS(a)]
        =====
        places: [OCCURS(a)]
        transitions: [a]
        arcs: [|a| -> OCCURS(a), OR(NEG(a), NULL(a)) -> |a|]
        =====
        parents: (1): [org.leibnizcenter.pneu.components.petrinet.Net@452f1015]
        subnets: (1)
        --------
            function: OR(NEG(a), NULL(a)), like a place
            inputs: [NEG(a), NULL(a)]
            outputs: [OR(NEG(a), NULL(a))]
            =====
            places: [OR(NEG(a), NULL(a)), NEG(a), NULL(a)]
            transitions: [OR]
            arcs: [|OR| -> OR(NEG(a), NULL(a)), NEG(a) -> |OR|, NULL(a) -> |OR|]
            =====
            parents: (1): [org.leibnizcenter.pneu.components.petrinet.Net@14c8f62f]
            subnets: (0)
        --------
    --------
        function: b, like a transition
        inputs: [b]
        outputs: [b]
        =====
        places: []
        transitions: [b]
        arcs: []
        =====
        parents: (1): [org.leibnizcenter.pneu.components.petrinet.Net@452f1015]
        subnets: (0)
    --------
--------

