inputs: []
outputs: []
=====
places: []
transitions: []
arcs: []
=====
parents: (1): [null]
subnets: (2)
--------
    function: a, like a place
    inputs: [a]
    outputs: [a]
    =====
    places: [a]
    transitions: []
    arcs: []
    =====
    parents: (1): [org.leibnizcenter.pneu.components.petrinet.Net@1957f4f5]
    subnets: (0)
--------
    function: b, like a place
    inputs: [b]
    outputs: [b]
    =====
    places: [b]
    transitions: []
    arcs: []
    =====
    parents: (1): [org.leibnizcenter.pneu.components.petrinet.Net@1957f4f5]
    subnets: (0)
--------

